This is pdfTeX, Version 3.14159265-2.6-1.40.21 (TeX Live 2020) (preloaded format=pdflatex 2020.8.17)  7 APR 2021 15:03
entering extended mode
 restricted \write18 enabled.
 file:line:error style messages enabled.
 %&-line parsing enabled.
**README.md
(./README.md
LaTeX2e <2020-02-02> patch level 5
L3 programming layer <2020-08-07>

./README.md:1: LaTeX Error: Missing \begin{document}.

See the LaTeX manual or LaTeX Companion for explanation.
Type  H <return>  for immediate help.
 ...                                              
                                                  
l.1 [
     ![Netlify Status](https://api.netlify.com/api/v1/badges/48378092-ea86-4...

? 
./README.md:1: Emergency stop.
 ...                                              
                                                  
l.1 [
     ![Netlify Status](https://api.netlify.com/api/v1/badges/48378092-ea86-4...

You're in trouble here.  Try typing  <return>  to proceed.
If that doesn't work, type  X <return>  to quit.

 
Here is how much of TeX's memory you used:
 18 strings out of 482341
 512 string characters out of 5942137
 238578 words of memory out of 5000000
 15517 multiletter control sequences out of 15000+600000
 535088 words of font info for 29 fonts, out of 8000000 for 9000
 319 hyphenation exceptions out of 8191
 12i,0n,15p,202b,14s stack positions out of 5000i,500n,10000p,200000b,80000s
./README.md:1:  ==> Fatal error occurred, no output PDF file produced!
